# JRE version: OpenJDK Runtime Environment Temurin-17.0.6+10 (17.0.6+10) (build 17.0.6+10)
# Java VM: OpenJDK 64-Bit Server VM Temurin-17.0.6+10 (17.0.6+10, mixed mode, emulated-client, tiered, compressed oops, compressed class ptrs, g1 gc, windows-amd64)
GC Precious Log:
 CPUs: 4 total, 4 available
 Memory: 3274M
 Large Page Support: Disabled
 NUMA Support: Disabled
 Compressed Oops: Enabled (32-bit)
 Heap Region Size: 1M
 Heap Min Capacity: 8M
 Heap Initial Capacity: 52M
 Heap Max Capacity: 1G
 Pre-touch: Disabled
 Parallel Workers: 4
 Concurrent Workers: 1
 Concurrent Refinement Workers: 4
 Periodic GC: Disabled
Heap:
 garbage-first heap   total 48128K, used 15888K [0x00000000c0000000, 0x0000000100000000)
  region size 1024K, 3 young (3072K), 1 survivors (1024K)
 Metaspace       used 34758K, committed 35072K, reserved 1081344K
  class space    used 4533K, committed 4672K, reserved 1048576K
GC Heap History (20 events):
Event: 247.392 GC heap after
{Heap after GC invocations=17 (full 7):
 garbage-first heap   total 48128K, used 14057K [0x00000000c0000000, 0x0000000100000000)
  region size 1024K, 0 young (0K), 0 survivors (0K)
 Metaspace       used 34481K, committed 35008K, reserved 1081344K
  class space    used 4474K, committed 4672K, reserved 1048576K
}
Event: 257.634 GC heap before
{Heap before GC invocations=17 (full 7):
 garbage-first heap   total 48128K, used 14057K [0x00000000c0000000, 0x0000000100000000)
  region size 1024K, 1 young (1024K), 0 survivors (0K)
 Metaspace       used 34481K, committed 35008K, reserved 1081344K
  class space    used 4474K, committed 4672K, reserved 1048576K
}
Event: 257.664 GC heap after
{Heap after GC invocations=18 (full 8):
 garbage-first heap   total 48128K, used 14057K [0x00000000c0000000, 0x0000000100000000)
  region size 1024K, 0 young (0K), 0 survivors (0K)
 Metaspace       used 34481K, committed 35008K, reserved 1081344K
  class space    used 4474K, committed 4672K, reserved 1048576K
}
Event: 431.283 GC heap before
{Heap before GC invocations=18 (full 8):
 garbage-first heap   total 48128K, used 34537K [0x00000000c0000000, 0x0000000100000000)
  region size 1024K, 20 young (20480K), 0 survivors (0K)
 Metaspace       used 34731K, committed 35072K, reserved 1081344K
  class space    used 4528K, committed 4672K, reserved 1048576K
}
Event: 431.285 GC heap after
{Heap after GC invocations=19 (full 8):
 garbage-first heap   total 48128K, used 14845K [0x00000000c0000000, 0x0000000100000000)
  region size 1024K, 1 young (1024K), 1 survivors (1024K)
 Metaspace       used 34731K, committed 35072K, reserved 1081344K
  class space    used 4528K, committed 4672K, reserved 1048576K
}
Event: 472.030 GC heap before
{Heap before GC invocations=19 (full 8):
 garbage-first heap   total 48128K, used 34301K [0x00000000c0000000, 0x0000000100000000)
  region size 1024K, 20 young (20480K), 1 survivors (1024K)
 Metaspace       used 34751K, committed 35072K, reserved 1081344K
  class space    used 4531K, committed 4672K, reserved 1048576K
}
Event: 472.032 GC heap after
{Heap after GC invocations=20 (full 8):
 garbage-first heap   total 48128K, used 14378K [0x00000000c0000000, 0x0000000100000000)
  region size 1024K, 1 young (1024K), 1 survivors (1024K)
 Metaspace       used 34751K, committed 35072K, reserved 1081344K
  class space    used 4531K, committed 4672K, reserved 1048576K
}
Event: 559.184 GC heap before
{Heap before GC invocations=20 (full 8):
 garbage-first heap   total 48128K, used 34858K [0x00000000c0000000, 0x0000000100000000)
  region size 1024K, 21 young (21504K), 1 survivors (1024K)
 Metaspace       used 34751K, committed 35072K, reserved 1081344K
  class space    used 4531K, committed 4672K, reserved 1048576K
}
Event: 559.188 GC heap after
{Heap after GC invocations=21 (full 8):
 garbage-first heap   total 48128K, used 14309K [0x00000000c0000000, 0x0000000100000000)
  region size 1024K, 1 young (1024K), 1 survivors (1024K)
 Metaspace       used 34751K, committed 35072K, reserved 1081344K
  class space    used 4531K, committed 4672K, reserved 1048576K
}
Event: 647.566 GC heap before
{Heap before GC invocations=21 (full 8):
 garbage-first heap   total 48128K, used 35813K [0x00000000c0000000, 0x0000000100000000)
  region size 1024K, 22 young (22528K), 1 survivors (1024K)
 Metaspace       used 34752K, committed 35072K, reserved 1081344K
  class space    used 4531K, committed 4672K, reserved 1048576K
}
Event: 647.568 GC heap after
{Heap after GC invocations=22 (full 8):
 garbage-first heap   total 48128K, used 14300K [0x00000000c0000000, 0x0000000100000000)
  region size 1024K, 1 young (1024K), 1 survivors (1024K)
 Metaspace       used 34752K, committed 35072K, reserved 1081344K
  class space    used 4531K, committed 4672K, reserved 1048576K
}
Event: 733.988 GC heap before
{Heap before GC invocations=22 (full 8):
 garbage-first heap   total 48128K, used 36828K [0x00000000c0000000, 0x0000000100000000)
  region size 1024K, 23 young (23552K), 1 survivors (1024K)
 Metaspace       used 34758K, committed 35072K, reserved 1081344K
  class space    used 4533K, committed 4672K, reserved 1048576K
}
Event: 733.992 GC heap after
{Heap after GC invocations=23 (full 8):
 garbage-first heap   total 48128K, used 14317K [0x00000000c0000000, 0x0000000100000000)
  region size 1024K, 1 young (1024K), 1 survivors (1024K)
 Metaspace       used 34758K, committed 35072K, reserved 1081344K
  class space    used 4533K, committed 4672K, reserved 1048576K
}
Event: 820.218 GC heap before
{Heap before GC invocations=23 (full 8):
 garbage-first heap   total 48128K, used 37869K [0x00000000c0000000, 0x0000000100000000)
  region size 1024K, 24 young (24576K), 1 survivors (1024K)
 Metaspace       used 34758K, committed 35072K, reserved 1081344K
  class space    used 4533K, committed 4672K, reserved 1048576K
}
Event: 820.221 GC heap after
{Heap after GC invocations=24 (full 8):
 garbage-first heap   total 48128K, used 14314K [0x00000000c0000000, 0x0000000100000000)
  region size 1024K, 1 young (1024K), 1 survivors (1024K)
 Metaspace       used 34758K, committed 35072K, reserved 1081344K
  class space    used 4533K, committed 4672K, reserved 1048576K
}
Event: 900.375 GC heap before
{Heap before GC invocations=24 (full 8):
 garbage-first heap   total 48128K, used 36842K [0x00000000c0000000, 0x0000000100000000)
  region size 1024K, 24 young (24576K), 1 survivors (1024K)
 Metaspace       used 34758K, committed 35072K, reserved 1081344K
  class space    used 4533K, committed 4672K, reserved 1048576K
}
Event: 900.376 GC heap after
{Heap after GC invocations=25 (full 8):
 garbage-first heap   total 48128K, used 14301K [0x00000000c0000000, 0x0000000100000000)
  region size 1024K, 1 young (1024K), 1 survivors (1024K)
 Metaspace       used 34758K, committed 35072K, reserved 1081344K
  class space    used 4533K, committed 4672K, reserved 1048576K
}
Event: 973.462 GC heap before
{Heap before GC invocations=25 (full 8):
 garbage-first heap   total 48128K, used 38877K [0x00000000c0000000, 0x0000000100000000)
  region size 1024K, 25 young (25600K), 1 survivors (1024K)
 Metaspace       used 34758K, committed 35072K, reserved 1081344K
  class space    used 4533K, committed 4672K, reserved 1048576K
}
Event: 973.467 GC heap after
{Heap after GC invocations=26 (full 8):
 garbage-first heap   total 48128K, used 14324K [0x00000000c0000000, 0x0000000100000000)
  region size 1024K, 1 young (1024K), 1 survivors (1024K)
 Metaspace       used 34758K, committed 35072K, reserved 1081344K
  class space    used 4533K, committed 4672K, reserved 1048576K
}
Event: 7406.353 GC heap before
{Heap before GC invocations=26 (full 8):
 garbage-first heap   total 48128K, used 15348K [0x00000000c0000000, 0x0000000100000000)
  region size 1024K, 3 young (3072K), 1 survivors (1024K)
 Metaspace       used 34758K, committed 35072K, reserved 1081344K
  class space    used 4533K, committed 4672K, reserved 1048576K
}

